<?xml version="1.0" encoding="UTF-8"?>
<!-- Generated by org.testng.reporters.JUnitReportReporter -->
<testsuite hostname="Avishek" failures="0" tests="2" name="app.xuriti.testCases.TC_002_AddNewComapny" time="17.564" errors="0" timestamp="2022-12-30T22:29:38 IST" skipped="0">
  <testcase classname="app.xuriti.testCases.TC_002_AddNewComapny" name="loginTest" time="6.841"/>
  <system-out/>
  <testcase classname="app.xuriti.testCases.TC_002_AddNewComapny" name="addNewCompanyTest" time="10.723"/>
  <system-out/>
</testsuite> <!-- app.xuriti.testCases.TC_002_AddNewComapny -->
