<?xml version="1.0" encoding="UTF-8"?>
<!-- Generated by org.testng.reporters.JUnitReportReporter -->
<testsuite hostname="Avishek" failures="0" tests="1" name="app.xuriti.testCases.TC_001_LoginTest" time="6.741" errors="0" timestamp="2023-01-10T15:18:28 IST" skipped="0">
  <testcase classname="app.xuriti.testCases.TC_001_LoginTest" name="loginTest" time="6.741"/>
  <system-out/>
</testsuite> <!-- app.xuriti.testCases.TC_001_LoginTest -->
