<?xml version="1.0" encoding="UTF-8"?>
<!-- Generated by org.testng.reporters.JUnitReportReporter -->
<testsuite hostname="Avishek" failures="0" tests="1" name="app.xuriti.testCases.TC_003_AdminLoginTest" time="1.652" errors="0" timestamp="2022-12-30T22:29:38 IST" skipped="0">
  <testcase classname="app.xuriti.testCases.TC_003_AdminLoginTest" name="AdminLoginTest" time="1.652"/>
  <system-out/>
</testsuite> <!-- app.xuriti.testCases.TC_003_AdminLoginTest -->
