<?xml version="1.0" encoding="UTF-8"?>
<!-- Generated by org.testng.reporters.JUnitReportReporter -->
<testsuite hostname="Avishek" failures="0" tests="1" name="app.xuriti.testCases.TC_001_LoginTest" time="5.312" errors="0" timestamp="2023-01-04T00:09:39 IST" skipped="0">
  <testcase classname="app.xuriti.testCases.TC_001_LoginTest" name="loginTest" time="5.312"/>
  <system-out/>
</testsuite> <!-- app.xuriti.testCases.TC_001_LoginTest -->
