<?xml version="1.0" encoding="UTF-8"?>
<!-- Generated by org.testng.reporters.JUnitReportReporter -->
<testsuite hostname="Avishek" failures="0" tests="1" name="app.xuriti.testCases.TC_001_LoginTest" time="7.363" errors="0" timestamp="2022-12-30T22:29:38 IST" skipped="0">
  <testcase classname="app.xuriti.testCases.TC_001_LoginTest" name="loginTest" time="7.363"/>
  <system-out/>
</testsuite> <!-- app.xuriti.testCases.TC_001_LoginTest -->
