<?xml version="1.0" encoding="UTF-8"?>
<!-- Generated by org.testng.reporters.JUnitReportReporter -->
<testsuite hostname="Avishek" failures="0" tests="1" name="app.xuriti.testCases.TC_003_AdminLoginTest" time="4.792" errors="0" timestamp="2023-01-04T00:13:17 IST" skipped="0">
  <testcase classname="app.xuriti.testCases.TC_003_AdminLoginTest" name="adminLoginTest" time="4.792"/>
  <system-out/>
</testsuite> <!-- app.xuriti.testCases.TC_003_AdminLoginTest -->
